<?xml version="1.0" encoding="UTF-8"?>
<!-- Generated by org.testng.reporters.JUnitReportReporter -->
<testsuite skipped="0" hostname="DESKTOP-HGAM43C" name="com.edureka.test.BasicTest" tests="1" failures="0" timestamp="30 Jan 2018 21:02:32 GMT" time="0.001" errors="0">
  <testcase name="bascTest" time="0.001" classname="com.edureka.test.BasicTest"/>
</testsuite> <!-- com.edureka.test.BasicTest -->
