<?xml version="1.0" encoding="UTF-8"?>
<!-- Generated by org.testng.reporters.JUnitReportReporter -->
<testsuite skipped="0" hostname="DESKTOP-HGAM43C" name="com.maven.practice.MavenTestcasesProject" tests="1" failures="0" timestamp="30 Jan 2018 16:36:40 GMT" time="0.017" errors="0">
  <testcase name="testcase1" time="0.017" classname="com.maven.practice.MavenTestcasesProject"/>
</testsuite> <!-- com.maven.practice.MavenTestcasesProject -->
